<?xml version="1.0" encoding="UTF-8"?>
<!-- Generated by org.testng.reporters.JUnitXMLReporter -->
<testsuite hostname="TYSS" ignored="1" name="Default test" tests="1" failures="0" timestamp="06 Jun 2019 13:00:30 GMT" time="20.529" errors="0">
  <testcase name="testSortList" time="13.294" classname="scripts.TestScipts"/>
  <testcase name="testCreateEmployee" time="0.0" classname="scripts.TestScipts">
    <ignored/>
  </testcase> <!-- testCreateEmployee -->
</testsuite> <!-- Default test -->
