<?xml version="1.0" encoding="UTF-8"?>
<testng-results skipped="0" failed="0" total="1" passed="1">
  <reporter-output>
    <line>
      <![CDATA[Title is matchingOrangeHRM]]>
    </line>
    <line>
      <![CDATA[List box is sorted:Pass]]>
    </line>
  </reporter-output>
  <suite name="Suite" duration-ms="21198" started-at="2019-06-07T13:16:35Z" finished-at="2019-06-07T13:16:56Z">
    <groups>
    </groups>
    <test name="Test" duration-ms="21198" started-at="2019-06-07T13:16:35Z" finished-at="2019-06-07T13:16:56Z">
      <class name="scripts.TestScipts">
        <test-method status="PASS" signature="preCondition()[pri:0, instance:scripts.TestScipts@3a03464]" name="preCondition" is-config="true" duration-ms="6622" started-at="2019-06-07T18:46:35Z" finished-at="2019-06-07T18:46:41Z">
          <reporter-output>
          </reporter-output>
        </test-method> <!-- preCondition -->
        <test-method status="PASS" signature="testSortList()[pri:0, instance:scripts.TestScipts@3a03464]" name="testSortList" duration-ms="14366" started-at="2019-06-07T18:46:41Z" finished-at="2019-06-07T18:46:56Z">
          <reporter-output>
            <line>
              <![CDATA[Title is matchingOrangeHRM]]>
            </line>
            <line>
              <![CDATA[List box is sorted:Pass]]>
            </line>
          </reporter-output>
        </test-method> <!-- testSortList -->
        <test-method status="PASS" signature="postCondition()[pri:0, instance:scripts.TestScipts@3a03464]" name="postCondition" is-config="true" duration-ms="190" started-at="2019-06-07T18:46:56Z" finished-at="2019-06-07T18:46:56Z">
          <reporter-output>
          </reporter-output>
        </test-method> <!-- postCondition -->
      </class> <!-- scripts.TestScipts -->
    </test> <!-- Test -->
  </suite> <!-- Suite -->
</testng-results>
