<?xml version="1.0" encoding="UTF-8"?>
<testng-results skipped="0" failed="0" ignored="1" total="2" passed="1">
  <reporter-output>
    <line>
      <![CDATA[Title is matchingOrangeHRM]]>
    </line>
    <line>
      <![CDATA[List box is sorted:Pass]]>
    </line>
  </reporter-output>
  <suite name="Suite" duration-ms="37765" started-at="2019-06-07T11:38:37Z" finished-at="2019-06-07T11:39:15Z">
    <groups>
    </groups>
    <test name="Test" duration-ms="37765" started-at="2019-06-07T11:38:37Z" finished-at="2019-06-07T11:39:15Z">
      <class name="scripts.TestScipts">
        <test-method status="PASS" signature="preCondition()[pri:0, instance:scripts.TestScipts@72d818d1]" name="preCondition" is-config="true" duration-ms="21062" started-at="2019-06-07T11:38:37Z" finished-at="2019-06-07T11:38:58Z">
          <reporter-output>
          </reporter-output>
        </test-method> <!-- preCondition -->
        <test-method status="PASS" signature="testSortList()[pri:0, instance:scripts.TestScipts@72d818d1]" name="testSortList" duration-ms="16463" started-at="2019-06-07T11:38:58Z" finished-at="2019-06-07T11:39:15Z">
          <reporter-output>
            <line>
              <![CDATA[Title is matchingOrangeHRM]]>
            </line>
            <line>
              <![CDATA[List box is sorted:Pass]]>
            </line>
          </reporter-output>
        </test-method> <!-- testSortList -->
        <test-method status="PASS" signature="postCondition()[pri:0, instance:scripts.TestScipts@72d818d1]" name="postCondition" is-config="true" duration-ms="182" started-at="2019-06-07T11:39:15Z" finished-at="2019-06-07T11:39:15Z">
          <reporter-output>
          </reporter-output>
        </test-method> <!-- postCondition -->
      </class> <!-- scripts.TestScipts -->
    </test> <!-- Test -->
  </suite> <!-- Suite -->
</testng-results>
